2017-10-08 15:52:17,459 INFO o.a.j.u.JMeterUtils: Setting Locale to en_US
2017-10-08 15:52:17,479 INFO o.a.j.JMeter: Loading user properties from: user.properties
2017-10-08 15:52:17,479 INFO o.a.j.JMeter: Loading system properties from: system.properties
2017-10-08 15:52:17,489 INFO o.a.j.JMeter: Copyright (c) 1998-2017 The Apache Software Foundation
2017-10-08 15:52:17,489 INFO o.a.j.JMeter: Version 3.3 r1808647
2017-10-08 15:52:17,489 INFO o.a.j.JMeter: java.version=1.8.0_51
2017-10-08 15:52:17,489 INFO o.a.j.JMeter: java.vm.name=Java HotSpot(TM) 64-Bit Server VM
2017-10-08 15:52:17,489 INFO o.a.j.JMeter: os.name=Windows 7
2017-10-08 15:52:17,489 INFO o.a.j.JMeter: os.arch=amd64
2017-10-08 15:52:17,489 INFO o.a.j.JMeter: os.version=6.1
2017-10-08 15:52:17,489 INFO o.a.j.JMeter: file.encoding=Cp1252
2017-10-08 15:52:17,489 INFO o.a.j.JMeter: Max memory     =536870912
2017-10-08 15:52:17,499 INFO o.a.j.JMeter: Available Processors =4
2017-10-08 15:52:17,499 INFO o.a.j.JMeter: Default Locale=English (United States)
2017-10-08 15:52:17,509 INFO o.a.j.JMeter: JMeter  Locale=English (United States)
2017-10-08 15:52:17,509 INFO o.a.j.JMeter: JMeterHome=D:\Automation_tool\Jmeter\Advance\apache-jmeter-3.3\apache-jmeter-3.3
2017-10-08 15:52:17,509 INFO o.a.j.JMeter: user.dir  =D:\Automation_tool\Jmeter\Advance\apache-jmeter-3.3\apache-jmeter-3.3\bin
2017-10-08 15:52:17,509 INFO o.a.j.JMeter: PWD       =D:\Automation_tool\Jmeter\Advance\apache-jmeter-3.3\apache-jmeter-3.3\bin
2017-10-08 15:52:17,509 INFO o.a.j.JMeter: IP: 192.168.56.1 Name: USER-PC FullName: USER-PC
2017-10-08 15:52:17,861 INFO o.a.j.g.a.LookAndFeelCommand: Using look and feel: javax.swing.plaf.metal.MetalLookAndFeel [Metal, CrossPlatform]
2017-10-08 15:52:17,871 INFO o.a.j.JMeter: Loaded icon properties from org/apache/jmeter/images/icon.properties
2017-10-08 15:52:19,133 INFO o.a.j.e.u.CompoundVariable: Note: Function class names must contain the string: '.functions.'
2017-10-08 15:52:19,133 INFO o.a.j.e.u.CompoundVariable: Note: Function class names must not contain the string: '.gui.'
2017-10-08 15:52:22,648 INFO o.a.j.g.u.MenuFactory: Skipping org.apache.jmeter.assertions.BSFAssertion
2017-10-08 15:52:23,548 INFO o.a.j.g.u.MenuFactory: Skipping org.apache.jmeter.extractor.BSFPostProcessor
2017-10-08 15:52:23,640 INFO o.a.j.g.u.MenuFactory: Skipping org.apache.jmeter.modifiers.BSFPreProcessor
2017-10-08 15:52:23,710 INFO o.a.j.p.h.s.HTTPSamplerBase: Parser for text/html is org.apache.jmeter.protocol.http.parser.LagartoBasedHtmlParser
2017-10-08 15:52:23,710 INFO o.a.j.p.h.s.HTTPSamplerBase: Parser for application/xhtml+xml is org.apache.jmeter.protocol.http.parser.LagartoBasedHtmlParser
2017-10-08 15:52:23,710 INFO o.a.j.p.h.s.HTTPSamplerBase: Parser for application/xml is org.apache.jmeter.protocol.http.parser.LagartoBasedHtmlParser
2017-10-08 15:52:23,710 INFO o.a.j.p.h.s.HTTPSamplerBase: Parser for text/xml is org.apache.jmeter.protocol.http.parser.LagartoBasedHtmlParser
2017-10-08 15:52:23,710 INFO o.a.j.p.h.s.HTTPSamplerBase: Parser for text/vnd.wap.wml is org.apache.jmeter.protocol.http.parser.RegexpHTMLParser
2017-10-08 15:52:23,710 INFO o.a.j.p.h.s.HTTPSamplerBase: Parser for text/css is org.apache.jmeter.protocol.http.parser.CssParser
2017-10-08 15:52:24,327 INFO o.a.j.e.KeyToolUtils: keytool found at 'keytool'
2017-10-08 15:52:24,327 INFO o.a.j.p.h.p.ProxyControl: HTTP(S) Test Script Recorder SSL Proxy will use keys that support embedded 3rd party resources in file D:\Automation_tool\Jmeter\Advance\apache-jmeter-3.3\apache-jmeter-3.3\bin\proxyserver.jks
2017-10-08 15:52:24,767 INFO o.a.j.g.u.MenuFactory: Skipping org.apache.jmeter.protocol.java.sampler.BSFSampler
2017-10-08 15:52:24,913 INFO o.a.j.s.FileServer: Default base='D:\Automation_tool\Jmeter\Advance\apache-jmeter-3.3\apache-jmeter-3.3\bin'
2017-10-08 15:52:25,139 INFO o.a.j.g.u.MenuFactory: Skipping org.apache.jmeter.protocol.mongodb.config.MongoSourceElement
2017-10-08 15:52:25,140 INFO o.a.j.g.u.MenuFactory: Skipping org.apache.jmeter.protocol.mongodb.sampler.MongoScriptSampler
2017-10-08 15:52:25,960 INFO o.a.j.g.u.MenuFactory: Skipping org.apache.jmeter.timers.BSFTimer
2017-10-08 15:52:26,010 INFO o.a.j.g.u.MenuFactory: Skipping org.apache.jmeter.visualizers.BSFListener
2017-10-08 15:52:26,310 INFO o.a.j.s.SampleResult: Note: Sample TimeStamps are START times
2017-10-08 15:52:26,310 INFO o.a.j.s.SampleResult: sampleresult.default.encoding is set to ISO-8859-1
2017-10-08 15:52:26,310 INFO o.a.j.s.SampleResult: sampleresult.useNanoTime=true
2017-10-08 15:52:26,310 INFO o.a.j.s.SampleResult: sampleresult.nanoThreadSleep=5000
2017-10-08 15:52:28,720 INFO o.j.r.PluginManager: Plugins Status: [jpgc-graphs-basic=2.0, jpgc-functions=2.0, jpgc-casutg=2.1, jpgc-dummy=0.2, jpgc-ffw=2.0, jpgc-fifo=0.2, jpgc-perfmon=2.1, jpgc-plugins-manager=0.16, jpgc-tst=2.1, jmeter-core=3.3, jmeter-ftp=3.3, jmeter-http=3.3, jmeter-jdbc=3.3, jmeter-jms=3.3, jmeter-junit=3.3, jmeter-java=3.3, jmeter-ldap=3.3, jmeter-mail=3.3, jmeter-mongodb=3.3, jmeter-native=3.3, jmeter-tcp=3.3, jmeter-components=3.3, jpgc-standard=2.0]
2017-10-08 15:52:40,655 INFO o.a.j.g.a.Load: Loading file: D:\Automation_tool\Jmeter\Advance\Buoi7\jmeter\jmeter\projects\sample_project_a\sample_scenario_1\jmeter_csv_read.jmx
2017-10-08 15:52:40,655 INFO o.a.j.s.FileServer: Set new base='D:\Automation_tool\Jmeter\Advance\Buoi7\jmeter\jmeter\projects\sample_project_a\sample_scenario_1'
2017-10-08 15:52:41,070 INFO o.a.j.s.SaveService: Testplan (JMX) version: 2.2. Testlog (JTL) version: 2.2
2017-10-08 15:52:41,080 INFO o.a.j.s.SaveService: Using SaveService properties file encoding UTF-8
2017-10-08 15:52:41,090 INFO o.a.j.s.SaveService: Using SaveService properties version 3.2
2017-10-08 15:52:41,100 INFO o.a.j.s.SaveService: Loading file: D:\Automation_tool\Jmeter\Advance\Buoi7\jmeter\jmeter\projects\sample_project_a\sample_scenario_1\jmeter_csv_read.jmx
2017-10-08 15:52:42,364 INFO o.a.j.s.FileServer: Set new base='D:\Automation_tool\Jmeter\Advance\Buoi7\jmeter\jmeter\projects\sample_project_a\sample_scenario_1'
2017-10-08 15:52:50,949 INFO o.a.j.e.StandardJMeterEngine: Running the test!
2017-10-08 15:52:50,949 INFO o.a.j.s.SampleEvent: List of sample_variables: []
2017-10-08 15:52:50,949 INFO o.a.j.s.SampleEvent: List of sample_variables: []
2017-10-08 15:52:51,179 INFO o.a.j.g.u.JMeterMenuBar: setRunning(true, *local*)
2017-10-08 15:52:51,638 INFO o.a.j.e.StandardJMeterEngine: Starting ThreadGroup: 1 : Thread Group
2017-10-08 15:52:51,638 INFO o.a.j.e.StandardJMeterEngine: Starting 1 threads for group Thread Group.
2017-10-08 15:52:51,638 INFO o.a.j.e.StandardJMeterEngine: Thread will continue on error
2017-10-08 15:52:51,638 INFO o.a.j.t.ThreadGroup: Starting thread group... number=1 threads=1 ramp-up=1 perThread=1000.0 delayedStart=false
2017-10-08 15:52:51,648 INFO o.a.j.t.ThreadGroup: Started thread group number 1
2017-10-08 15:52:51,648 INFO o.a.j.e.StandardJMeterEngine: All thread groups have been started
2017-10-08 15:52:51,725 INFO o.a.j.t.JMeterThread: Thread started: Thread Group 1-1
2017-10-08 15:52:52,540 INFO o.a.j.p.j.s.JSR223Sampler: Model: OS Command 100
2017-10-08 15:52:53,052 INFO o.a.j.t.JMeterThread: Thread is done: Thread Group 1-1
2017-10-08 15:52:53,052 INFO o.a.j.t.JMeterThread: Thread finished: Thread Group 1-1
2017-10-08 15:52:53,054 INFO o.a.j.e.StandardJMeterEngine: Notifying test listeners of end of test
2017-10-08 15:52:53,055 INFO o.a.j.g.u.JMeterMenuBar: setRunning(false, *local*)
2017-10-08 15:53:48,426 INFO o.a.j.e.StandardJMeterEngine: Running the test!
2017-10-08 15:53:48,426 INFO o.a.j.s.SampleEvent: List of sample_variables: []
2017-10-08 15:53:48,526 INFO o.a.j.g.u.JMeterMenuBar: setRunning(true, *local*)
2017-10-08 15:53:48,946 INFO o.a.j.e.StandardJMeterEngine: Starting ThreadGroup: 1 : Thread Group
2017-10-08 15:53:48,946 INFO o.a.j.e.StandardJMeterEngine: Starting 1 threads for group Thread Group.
2017-10-08 15:53:48,946 INFO o.a.j.e.StandardJMeterEngine: Thread will continue on error
2017-10-08 15:53:48,946 INFO o.a.j.t.ThreadGroup: Starting thread group... number=1 threads=1 ramp-up=1 perThread=1000.0 delayedStart=false
2017-10-08 15:53:48,966 INFO o.a.j.t.ThreadGroup: Started thread group number 1
2017-10-08 15:53:48,966 INFO o.a.j.e.StandardJMeterEngine: All thread groups have been started
2017-10-08 15:53:48,976 INFO o.a.j.t.JMeterThread: Thread started: Thread Group 1-1
2017-10-08 15:53:49,076 INFO o.a.j.p.j.s.JSR223Sampler: Model: OS Command 100
2017-10-08 15:53:49,529 INFO o.a.j.t.JMeterThread: Thread is done: Thread Group 1-1
2017-10-08 15:53:49,530 INFO o.a.j.t.JMeterThread: Thread finished: Thread Group 1-1
2017-10-08 15:53:49,532 INFO o.a.j.e.StandardJMeterEngine: Notifying test listeners of end of test
2017-10-08 15:53:49,539 INFO o.a.j.g.u.JMeterMenuBar: setRunning(false, *local*)
2017-10-08 15:54:55,165 INFO o.a.j.e.StandardJMeterEngine: Running the test!
2017-10-08 15:54:55,165 INFO o.a.j.s.SampleEvent: List of sample_variables: []
2017-10-08 15:54:55,215 INFO o.a.j.g.u.JMeterMenuBar: setRunning(true, *local*)
2017-10-08 15:54:55,800 INFO o.a.j.e.StandardJMeterEngine: Starting ThreadGroup: 1 : Thread Group
2017-10-08 15:54:55,800 INFO o.a.j.e.StandardJMeterEngine: Starting 1 threads for group Thread Group.
2017-10-08 15:54:55,800 INFO o.a.j.e.StandardJMeterEngine: Thread will continue on error
2017-10-08 15:54:55,800 INFO o.a.j.t.ThreadGroup: Starting thread group... number=1 threads=1 ramp-up=1 perThread=1000.0 delayedStart=false
2017-10-08 15:54:55,800 INFO o.a.j.t.ThreadGroup: Started thread group number 1
2017-10-08 15:54:55,800 INFO o.a.j.e.StandardJMeterEngine: All thread groups have been started
2017-10-08 15:54:55,810 INFO o.a.j.t.JMeterThread: Thread started: Thread Group 1-1
2017-10-08 15:54:55,870 INFO o.a.j.p.j.s.JSR223Sampler: Model: OS Command 100
2017-10-08 15:54:56,173 INFO o.a.j.t.JMeterThread: Thread is done: Thread Group 1-1
2017-10-08 15:54:56,174 INFO o.a.j.t.JMeterThread: Thread finished: Thread Group 1-1
2017-10-08 15:54:56,187 INFO o.a.j.e.StandardJMeterEngine: Notifying test listeners of end of test
2017-10-08 15:54:56,189 INFO o.a.j.g.u.JMeterMenuBar: setRunning(false, *local*)
2017-10-08 15:55:36,452 INFO o.a.j.e.StandardJMeterEngine: Running the test!
2017-10-08 15:55:36,452 INFO o.a.j.s.SampleEvent: List of sample_variables: []
2017-10-08 15:55:36,492 INFO o.a.j.g.u.JMeterMenuBar: setRunning(true, *local*)
2017-10-08 15:55:36,922 INFO o.a.j.e.StandardJMeterEngine: Starting ThreadGroup: 1 : Thread Group
2017-10-08 15:55:36,922 INFO o.a.j.e.StandardJMeterEngine: Starting 1 threads for group Thread Group.
2017-10-08 15:55:36,922 INFO o.a.j.e.StandardJMeterEngine: Thread will continue on error
2017-10-08 15:55:36,922 INFO o.a.j.t.ThreadGroup: Starting thread group... number=1 threads=1 ramp-up=1 perThread=1000.0 delayedStart=false
2017-10-08 15:55:36,932 INFO o.a.j.t.ThreadGroup: Started thread group number 1
2017-10-08 15:55:36,932 INFO o.a.j.e.StandardJMeterEngine: All thread groups have been started
2017-10-08 15:55:36,932 INFO o.a.j.t.JMeterThread: Thread started: Thread Group 1-1
2017-10-08 15:55:37,032 INFO o.a.j.p.j.s.JSR223Sampler: Model: OS Command 100
2017-10-08 15:55:37,386 INFO o.a.j.t.JMeterThread: Thread is done: Thread Group 1-1
2017-10-08 15:55:37,387 INFO o.a.j.t.JMeterThread: Thread finished: Thread Group 1-1
2017-10-08 15:55:37,387 INFO o.a.j.e.StandardJMeterEngine: Notifying test listeners of end of test
2017-10-08 15:55:37,388 INFO o.a.j.g.u.JMeterMenuBar: setRunning(false, *local*)
2017-10-08 15:56:43,582 INFO o.a.j.e.StandardJMeterEngine: Running the test!
2017-10-08 15:56:43,582 INFO o.a.j.s.SampleEvent: List of sample_variables: []
2017-10-08 15:56:43,612 INFO o.a.j.g.u.JMeterMenuBar: setRunning(true, *local*)
2017-10-08 15:56:44,232 INFO o.a.j.e.StandardJMeterEngine: Starting ThreadGroup: 1 : Thread Group
2017-10-08 15:56:44,232 INFO o.a.j.e.StandardJMeterEngine: Starting 1 threads for group Thread Group.
2017-10-08 15:56:44,232 INFO o.a.j.e.StandardJMeterEngine: Thread will continue on error
2017-10-08 15:56:44,232 INFO o.a.j.t.ThreadGroup: Starting thread group... number=1 threads=1 ramp-up=1 perThread=1000.0 delayedStart=false
2017-10-08 15:56:44,232 INFO o.a.j.t.ThreadGroup: Started thread group number 1
2017-10-08 15:56:44,232 INFO o.a.j.e.StandardJMeterEngine: All thread groups have been started
2017-10-08 15:56:44,232 INFO o.a.j.t.JMeterThread: Thread started: Thread Group 1-1
2017-10-08 15:56:44,302 INFO o.a.j.p.j.s.JSR223Sampler: Model: Assertions 100
2017-10-08 15:56:45,357 INFO o.a.j.t.JMeterThread: Thread is done: Thread Group 1-1
2017-10-08 15:56:45,357 INFO o.a.j.t.JMeterThread: Thread finished: Thread Group 1-1
2017-10-08 15:56:45,357 INFO o.a.j.e.StandardJMeterEngine: Notifying test listeners of end of test
2017-10-08 15:56:45,357 INFO o.a.j.g.u.JMeterMenuBar: setRunning(false, *local*)
2017-10-08 15:57:10,612 INFO o.a.j.e.StandardJMeterEngine: Running the test!
2017-10-08 15:57:10,612 INFO o.a.j.s.SampleEvent: List of sample_variables: []
2017-10-08 15:57:10,642 INFO o.a.j.g.u.JMeterMenuBar: setRunning(true, *local*)
2017-10-08 15:57:11,082 INFO o.a.j.e.StandardJMeterEngine: Starting ThreadGroup: 1 : Thread Group
2017-10-08 15:57:11,082 INFO o.a.j.e.StandardJMeterEngine: Starting 1 threads for group Thread Group.
2017-10-08 15:57:11,092 INFO o.a.j.e.StandardJMeterEngine: Thread will continue on error
2017-10-08 15:57:11,092 INFO o.a.j.t.ThreadGroup: Starting thread group... number=1 threads=1 ramp-up=1 perThread=1000.0 delayedStart=false
2017-10-08 15:57:11,092 INFO o.a.j.t.ThreadGroup: Started thread group number 1
2017-10-08 15:57:11,092 INFO o.a.j.e.StandardJMeterEngine: All thread groups have been started
2017-10-08 15:57:11,092 INFO o.a.j.t.JMeterThread: Thread started: Thread Group 1-1
2017-10-08 15:57:11,142 INFO o.a.j.p.j.s.JSR223Sampler: Model: Assertions 100
2017-10-08 15:57:11,675 INFO o.a.j.t.JMeterThread: Thread is done: Thread Group 1-1
2017-10-08 15:57:11,675 INFO o.a.j.t.JMeterThread: Thread finished: Thread Group 1-1
2017-10-08 15:57:11,676 INFO o.a.j.e.StandardJMeterEngine: Notifying test listeners of end of test
2017-10-08 15:57:11,676 INFO o.a.j.g.u.JMeterMenuBar: setRunning(false, *local*)
2017-10-08 15:57:41,426 INFO o.a.j.e.StandardJMeterEngine: Running the test!
2017-10-08 15:57:41,426 INFO o.a.j.s.SampleEvent: List of sample_variables: []
2017-10-08 15:57:41,446 INFO o.a.j.g.u.JMeterMenuBar: setRunning(true, *local*)
2017-10-08 15:57:41,876 INFO o.a.j.e.StandardJMeterEngine: Starting ThreadGroup: 1 : Thread Group
2017-10-08 15:57:41,876 INFO o.a.j.e.StandardJMeterEngine: Starting 1 threads for group Thread Group.
2017-10-08 15:57:41,876 INFO o.a.j.e.StandardJMeterEngine: Thread will continue on error
2017-10-08 15:57:41,876 INFO o.a.j.t.ThreadGroup: Starting thread group... number=1 threads=1 ramp-up=1 perThread=1000.0 delayedStart=false
2017-10-08 15:57:41,876 INFO o.a.j.t.ThreadGroup: Started thread group number 1
2017-10-08 15:57:41,876 INFO o.a.j.e.StandardJMeterEngine: All thread groups have been started
2017-10-08 15:57:41,876 INFO o.a.j.t.JMeterThread: Thread started: Thread Group 1-1
2017-10-08 15:57:41,926 INFO o.a.j.p.j.s.JSR223Sampler: Model: Assertions 100
2017-10-08 15:57:43,030 INFO o.a.j.t.JMeterThread: Thread is done: Thread Group 1-1
2017-10-08 15:57:43,031 INFO o.a.j.t.JMeterThread: Thread finished: Thread Group 1-1
2017-10-08 15:57:43,031 INFO o.a.j.e.StandardJMeterEngine: Notifying test listeners of end of test
2017-10-08 15:57:43,032 INFO o.a.j.g.u.JMeterMenuBar: setRunning(false, *local*)
2017-10-08 16:03:20,477 INFO o.a.j.e.StandardJMeterEngine: Running the test!
2017-10-08 16:03:20,477 INFO o.a.j.s.SampleEvent: List of sample_variables: []
2017-10-08 16:03:20,507 INFO o.a.j.g.u.JMeterMenuBar: setRunning(true, *local*)
2017-10-08 16:03:20,989 INFO o.a.j.e.StandardJMeterEngine: Starting ThreadGroup: 1 : Thread Group
2017-10-08 16:03:20,989 INFO o.a.j.e.StandardJMeterEngine: Starting 1 threads for group Thread Group.
2017-10-08 16:03:20,989 INFO o.a.j.e.StandardJMeterEngine: Thread will continue on error
2017-10-08 16:03:20,989 INFO o.a.j.t.ThreadGroup: Starting thread group... number=1 threads=1 ramp-up=1 perThread=1000.0 delayedStart=false
2017-10-08 16:03:20,989 INFO o.a.j.t.ThreadGroup: Started thread group number 1
2017-10-08 16:03:20,989 INFO o.a.j.e.StandardJMeterEngine: All thread groups have been started
2017-10-08 16:03:20,989 INFO o.a.j.t.JMeterThread: Thread started: Thread Group 1-1
2017-10-08 16:03:21,049 INFO o.a.j.p.j.s.JSR223Sampler: Model: Assertions 100
2017-10-08 16:03:21,966 ERROR o.a.j.a.JSR223Assertion: Problem in JSR223 script: JSR223 Assertion
javax.script.ScriptException: groovy.lang.MissingPropertyException: No such property: response for class: Script41
	at org.codehaus.groovy.jsr223.GroovyScriptEngineImpl.eval(GroovyScriptEngineImpl.java:320) ~[groovy-all-2.4.12.jar:2.4.12]
	at org.codehaus.groovy.jsr223.GroovyCompiledScript.eval(GroovyCompiledScript.java:72) ~[groovy-all-2.4.12.jar:2.4.12]
	at javax.script.CompiledScript.eval(Unknown Source) ~[?:1.8.0_51]
	at org.apache.jmeter.util.JSR223TestElement.processFileOrScript(JSR223TestElement.java:220) ~[ApacheJMeter_core.jar:3.3 r1808647]
	at org.apache.jmeter.assertions.JSR223Assertion.getResult(JSR223Assertion.java:47) [ApacheJMeter_components.jar:3.3 r1808647]
	at org.apache.jmeter.threads.JMeterThread.processAssertion(JMeterThread.java:812) [ApacheJMeter_core.jar:3.3 r1808647]
	at org.apache.jmeter.threads.JMeterThread.checkAssertions(JMeterThread.java:803) [ApacheJMeter_core.jar:3.3 r1808647]
	at org.apache.jmeter.threads.JMeterThread.executeSamplePackage(JMeterThread.java:525) [ApacheJMeter_core.jar:3.3 r1808647]
	at org.apache.jmeter.threads.JMeterThread.processSampler(JMeterThread.java:424) [ApacheJMeter_core.jar:3.3 r1808647]
	at org.apache.jmeter.threads.JMeterThread.run(JMeterThread.java:255) [ApacheJMeter_core.jar:3.3 r1808647]
	at java.lang.Thread.run(Unknown Source) [?:1.8.0_51]
Caused by: groovy.lang.MissingPropertyException: No such property: response for class: Script41
	at org.codehaus.groovy.runtime.ScriptBytecodeAdapter.unwrap(ScriptBytecodeAdapter.java:53) ~[groovy-all-2.4.12.jar:2.4.12]
	at org.codehaus.groovy.runtime.callsite.PogoGetPropertySite.getProperty(PogoGetPropertySite.java:52) ~[groovy-all-2.4.12.jar:2.4.12]
	at org.codehaus.groovy.runtime.callsite.AbstractCallSite.callGroovyObjectGetProperty(AbstractCallSite.java:307) ~[groovy-all-2.4.12.jar:2.4.12]
	at Script41.run(Script41.groovy:3) ~[?:?]
	at org.codehaus.groovy.jsr223.GroovyScriptEngineImpl.eval(GroovyScriptEngineImpl.java:317) ~[groovy-all-2.4.12.jar:2.4.12]
	... 10 more
2017-10-08 16:03:21,976 INFO o.a.j.t.JMeterThread: Thread is done: Thread Group 1-1
2017-10-08 16:03:21,976 INFO o.a.j.t.JMeterThread: Thread finished: Thread Group 1-1
2017-10-08 16:03:21,976 INFO o.a.j.e.StandardJMeterEngine: Notifying test listeners of end of test
2017-10-08 16:03:21,976 INFO o.a.j.g.u.JMeterMenuBar: setRunning(false, *local*)
2017-10-08 16:03:31,651 INFO o.a.j.e.StandardJMeterEngine: Running the test!
2017-10-08 16:03:31,651 INFO o.a.j.s.SampleEvent: List of sample_variables: []
2017-10-08 16:03:31,671 INFO o.a.j.g.u.JMeterMenuBar: setRunning(true, *local*)
2017-10-08 16:03:32,081 INFO o.a.j.e.StandardJMeterEngine: Starting ThreadGroup: 1 : Thread Group
2017-10-08 16:03:32,081 INFO o.a.j.e.StandardJMeterEngine: Starting 1 threads for group Thread Group.
2017-10-08 16:03:32,081 INFO o.a.j.e.StandardJMeterEngine: Thread will continue on error
2017-10-08 16:03:32,081 INFO o.a.j.t.ThreadGroup: Starting thread group... number=1 threads=1 ramp-up=1 perThread=1000.0 delayedStart=false
2017-10-08 16:03:32,081 INFO o.a.j.t.ThreadGroup: Started thread group number 1
2017-10-08 16:03:32,081 INFO o.a.j.e.StandardJMeterEngine: All thread groups have been started
2017-10-08 16:03:32,081 INFO o.a.j.t.JMeterThread: Thread started: Thread Group 1-1
2017-10-08 16:03:32,121 INFO o.a.j.p.j.s.JSR223Sampler: Model: Assertions 100
2017-10-08 16:03:33,464 ERROR o.a.j.a.JSR223Assertion: Problem in JSR223 script: JSR223 Assertion
javax.script.ScriptException: groovy.lang.MissingPropertyException: No such property: response for class: Script47
	at org.codehaus.groovy.jsr223.GroovyScriptEngineImpl.eval(GroovyScriptEngineImpl.java:320) ~[groovy-all-2.4.12.jar:2.4.12]
	at org.codehaus.groovy.jsr223.GroovyCompiledScript.eval(GroovyCompiledScript.java:72) ~[groovy-all-2.4.12.jar:2.4.12]
	at javax.script.CompiledScript.eval(Unknown Source) ~[?:1.8.0_51]
	at org.apache.jmeter.util.JSR223TestElement.processFileOrScript(JSR223TestElement.java:220) ~[ApacheJMeter_core.jar:3.3 r1808647]
	at org.apache.jmeter.assertions.JSR223Assertion.getResult(JSR223Assertion.java:47) [ApacheJMeter_components.jar:3.3 r1808647]
	at org.apache.jmeter.threads.JMeterThread.processAssertion(JMeterThread.java:812) [ApacheJMeter_core.jar:3.3 r1808647]
	at org.apache.jmeter.threads.JMeterThread.checkAssertions(JMeterThread.java:803) [ApacheJMeter_core.jar:3.3 r1808647]
	at org.apache.jmeter.threads.JMeterThread.executeSamplePackage(JMeterThread.java:525) [ApacheJMeter_core.jar:3.3 r1808647]
	at org.apache.jmeter.threads.JMeterThread.processSampler(JMeterThread.java:424) [ApacheJMeter_core.jar:3.3 r1808647]
	at org.apache.jmeter.threads.JMeterThread.run(JMeterThread.java:255) [ApacheJMeter_core.jar:3.3 r1808647]
	at java.lang.Thread.run(Unknown Source) [?:1.8.0_51]
Caused by: groovy.lang.MissingPropertyException: No such property: response for class: Script47
	at org.codehaus.groovy.runtime.ScriptBytecodeAdapter.unwrap(ScriptBytecodeAdapter.java:53) ~[groovy-all-2.4.12.jar:2.4.12]
	at org.codehaus.groovy.runtime.callsite.PogoGetPropertySite.getProperty(PogoGetPropertySite.java:52) ~[groovy-all-2.4.12.jar:2.4.12]
	at org.codehaus.groovy.runtime.callsite.AbstractCallSite.callGroovyObjectGetProperty(AbstractCallSite.java:307) ~[groovy-all-2.4.12.jar:2.4.12]
	at Script47.run(Script47.groovy:3) ~[?:?]
	at org.codehaus.groovy.jsr223.GroovyScriptEngineImpl.eval(GroovyScriptEngineImpl.java:317) ~[groovy-all-2.4.12.jar:2.4.12]
	... 10 more
2017-10-08 16:03:33,464 INFO o.a.j.t.JMeterThread: Thread is done: Thread Group 1-1
2017-10-08 16:03:33,464 INFO o.a.j.t.JMeterThread: Thread finished: Thread Group 1-1
2017-10-08 16:03:33,464 INFO o.a.j.e.StandardJMeterEngine: Notifying test listeners of end of test
2017-10-08 16:03:33,464 INFO o.a.j.g.u.JMeterMenuBar: setRunning(false, *local*)
2017-10-08 16:07:06,395 INFO o.a.j.e.StandardJMeterEngine: Running the test!
2017-10-08 16:07:06,395 INFO o.a.j.s.SampleEvent: List of sample_variables: []
2017-10-08 16:07:06,425 INFO o.a.j.g.u.JMeterMenuBar: setRunning(true, *local*)
2017-10-08 16:07:06,495 INFO o.a.j.e.StandardJMeterEngine: Starting ThreadGroup: 1 : Thread Group
2017-10-08 16:07:06,495 INFO o.a.j.e.StandardJMeterEngine: Starting 1 threads for group Thread Group.
2017-10-08 16:07:06,495 INFO o.a.j.e.StandardJMeterEngine: Thread will continue on error
2017-10-08 16:07:06,495 INFO o.a.j.t.ThreadGroup: Starting thread group... number=1 threads=1 ramp-up=1 perThread=1000.0 delayedStart=false
2017-10-08 16:07:06,495 INFO o.a.j.t.ThreadGroup: Started thread group number 1
2017-10-08 16:07:06,495 INFO o.a.j.e.StandardJMeterEngine: All thread groups have been started
2017-10-08 16:07:06,515 INFO o.a.j.t.JMeterThread: Thread started: Thread Group 1-1
2017-10-08 16:07:06,605 INFO o.a.j.p.j.s.JSR223Sampler: Model: Assertions 100
2017-10-08 16:07:06,984 ERROR o.a.j.a.JSR223Assertion: Problem in JSR223 script: JSR223 Assertion
javax.script.ScriptException: groovy.lang.MissingPropertyException: No such property: response for class: Script52
	at org.codehaus.groovy.jsr223.GroovyScriptEngineImpl.eval(GroovyScriptEngineImpl.java:320) ~[groovy-all-2.4.12.jar:2.4.12]
	at org.codehaus.groovy.jsr223.GroovyCompiledScript.eval(GroovyCompiledScript.java:72) ~[groovy-all-2.4.12.jar:2.4.12]
	at javax.script.CompiledScript.eval(Unknown Source) ~[?:1.8.0_51]
	at org.apache.jmeter.util.JSR223TestElement.processFileOrScript(JSR223TestElement.java:220) ~[ApacheJMeter_core.jar:3.3 r1808647]
	at org.apache.jmeter.assertions.JSR223Assertion.getResult(JSR223Assertion.java:47) [ApacheJMeter_components.jar:3.3 r1808647]
	at org.apache.jmeter.threads.JMeterThread.processAssertion(JMeterThread.java:812) [ApacheJMeter_core.jar:3.3 r1808647]
	at org.apache.jmeter.threads.JMeterThread.checkAssertions(JMeterThread.java:803) [ApacheJMeter_core.jar:3.3 r1808647]
	at org.apache.jmeter.threads.JMeterThread.executeSamplePackage(JMeterThread.java:525) [ApacheJMeter_core.jar:3.3 r1808647]
	at org.apache.jmeter.threads.JMeterThread.processSampler(JMeterThread.java:424) [ApacheJMeter_core.jar:3.3 r1808647]
	at org.apache.jmeter.threads.JMeterThread.run(JMeterThread.java:255) [ApacheJMeter_core.jar:3.3 r1808647]
	at java.lang.Thread.run(Unknown Source) [?:1.8.0_51]
Caused by: groovy.lang.MissingPropertyException: No such property: response for class: Script52
	at org.codehaus.groovy.runtime.ScriptBytecodeAdapter.unwrap(ScriptBytecodeAdapter.java:53) ~[groovy-all-2.4.12.jar:2.4.12]
	at org.codehaus.groovy.runtime.callsite.PogoGetPropertySite.getProperty(PogoGetPropertySite.java:52) ~[groovy-all-2.4.12.jar:2.4.12]
	at org.codehaus.groovy.runtime.callsite.AbstractCallSite.callGroovyObjectGetProperty(AbstractCallSite.java:307) ~[groovy-all-2.4.12.jar:2.4.12]
	at Script52.run(Script52.groovy:3) ~[?:?]
	at org.codehaus.groovy.jsr223.GroovyScriptEngineImpl.eval(GroovyScriptEngineImpl.java:317) ~[groovy-all-2.4.12.jar:2.4.12]
	... 10 more
2017-10-08 16:07:06,988 INFO o.a.j.t.JMeterThread: Thread is done: Thread Group 1-1
2017-10-08 16:07:06,988 INFO o.a.j.t.JMeterThread: Thread finished: Thread Group 1-1
2017-10-08 16:07:06,995 INFO o.a.j.e.StandardJMeterEngine: Notifying test listeners of end of test
2017-10-08 16:07:06,998 INFO o.a.j.g.u.JMeterMenuBar: setRunning(false, *local*)
2017-10-08 16:10:55,261 INFO o.a.j.e.StandardJMeterEngine: Running the test!
2017-10-08 16:10:55,261 INFO o.a.j.s.SampleEvent: List of sample_variables: []
2017-10-08 16:10:55,281 INFO o.a.j.g.u.JMeterMenuBar: setRunning(true, *local*)
2017-10-08 16:10:55,761 INFO o.a.j.e.StandardJMeterEngine: Starting ThreadGroup: 1 : Thread Group
2017-10-08 16:10:55,761 INFO o.a.j.e.StandardJMeterEngine: Starting 1 threads for group Thread Group.
2017-10-08 16:10:55,761 INFO o.a.j.e.StandardJMeterEngine: Thread will continue on error
2017-10-08 16:10:55,761 INFO o.a.j.t.ThreadGroup: Starting thread group... number=1 threads=1 ramp-up=1 perThread=1000.0 delayedStart=false
2017-10-08 16:10:55,761 INFO o.a.j.t.ThreadGroup: Started thread group number 1
2017-10-08 16:10:55,761 INFO o.a.j.e.StandardJMeterEngine: All thread groups have been started
2017-10-08 16:10:55,761 INFO o.a.j.t.JMeterThread: Thread started: Thread Group 1-1
2017-10-08 16:10:55,801 INFO o.a.j.p.j.s.JSR223Sampler: Model: Assertions 100
2017-10-08 16:10:56,353 INFO o.a.j.t.JMeterThread: Thread is done: Thread Group 1-1
2017-10-08 16:10:56,353 INFO o.a.j.t.JMeterThread: Thread finished: Thread Group 1-1
2017-10-08 16:10:56,354 INFO o.a.j.e.StandardJMeterEngine: Notifying test listeners of end of test
2017-10-08 16:10:56,354 INFO o.a.j.g.u.JMeterMenuBar: setRunning(false, *local*)
2017-10-08 16:12:24,709 INFO o.a.j.e.StandardJMeterEngine: Running the test!
2017-10-08 16:12:24,709 INFO o.a.j.s.SampleEvent: List of sample_variables: []
2017-10-08 16:12:24,729 INFO o.a.j.g.u.JMeterMenuBar: setRunning(true, *local*)
2017-10-08 16:12:25,169 INFO o.a.j.e.StandardJMeterEngine: Starting ThreadGroup: 1 : Thread Group
2017-10-08 16:12:25,169 INFO o.a.j.e.StandardJMeterEngine: Starting 1 threads for group Thread Group.
2017-10-08 16:12:25,169 INFO o.a.j.e.StandardJMeterEngine: Thread will continue on error
2017-10-08 16:12:25,169 INFO o.a.j.t.ThreadGroup: Starting thread group... number=1 threads=1 ramp-up=1 perThread=1000.0 delayedStart=false
2017-10-08 16:12:25,169 INFO o.a.j.t.ThreadGroup: Started thread group number 1
2017-10-08 16:12:25,169 INFO o.a.j.e.StandardJMeterEngine: All thread groups have been started
2017-10-08 16:12:25,179 INFO o.a.j.t.JMeterThread: Thread started: Thread Group 1-1
2017-10-08 16:12:25,219 INFO o.a.j.p.j.s.JSR223Sampler: Model: Assertions 100
2017-10-08 16:12:25,907 INFO o.a.j.t.JMeterThread: Thread is done: Thread Group 1-1
2017-10-08 16:12:25,907 INFO o.a.j.t.JMeterThread: Thread finished: Thread Group 1-1
2017-10-08 16:12:25,907 INFO o.a.j.e.StandardJMeterEngine: Notifying test listeners of end of test
2017-10-08 16:12:25,907 INFO o.a.j.g.u.JMeterMenuBar: setRunning(false, *local*)
2017-10-08 16:12:32,854 INFO o.a.j.e.StandardJMeterEngine: Running the test!
2017-10-08 16:12:32,854 INFO o.a.j.s.SampleEvent: List of sample_variables: []
2017-10-08 16:12:32,874 INFO o.a.j.g.u.JMeterMenuBar: setRunning(true, *local*)
2017-10-08 16:12:33,274 INFO o.a.j.e.StandardJMeterEngine: Starting ThreadGroup: 1 : Thread Group
2017-10-08 16:12:33,274 INFO o.a.j.e.StandardJMeterEngine: Starting 1 threads for group Thread Group.
2017-10-08 16:12:33,274 INFO o.a.j.e.StandardJMeterEngine: Thread will continue on error
2017-10-08 16:12:33,274 INFO o.a.j.t.ThreadGroup: Starting thread group... number=1 threads=1 ramp-up=1 perThread=1000.0 delayedStart=false
2017-10-08 16:12:33,284 INFO o.a.j.t.ThreadGroup: Started thread group number 1
2017-10-08 16:12:33,284 INFO o.a.j.e.StandardJMeterEngine: All thread groups have been started
2017-10-08 16:12:33,294 INFO o.a.j.t.JMeterThread: Thread started: Thread Group 1-1
2017-10-08 16:12:33,334 INFO o.a.j.p.j.s.JSR223Sampler: Model: Assertions 100
2017-10-08 16:12:33,615 INFO o.a.j.t.JMeterThread: Thread is done: Thread Group 1-1
2017-10-08 16:12:33,615 INFO o.a.j.t.JMeterThread: Thread finished: Thread Group 1-1
2017-10-08 16:12:33,615 INFO o.a.j.e.StandardJMeterEngine: Notifying test listeners of end of test
2017-10-08 16:12:33,615 INFO o.a.j.g.u.JMeterMenuBar: setRunning(false, *local*)
2017-10-08 16:16:22,715 INFO o.a.j.e.StandardJMeterEngine: Running the test!
2017-10-08 16:16:22,715 INFO o.a.j.s.SampleEvent: List of sample_variables: []
2017-10-08 16:16:22,735 INFO o.a.j.g.u.JMeterMenuBar: setRunning(true, *local*)
2017-10-08 16:16:22,775 INFO o.a.j.e.StandardJMeterEngine: Starting ThreadGroup: 1 : Thread Group
2017-10-08 16:16:22,775 INFO o.a.j.e.StandardJMeterEngine: Starting 1 threads for group Thread Group.
2017-10-08 16:16:22,775 INFO o.a.j.e.StandardJMeterEngine: Thread will continue on error
2017-10-08 16:16:22,775 INFO o.a.j.t.ThreadGroup: Starting thread group... number=1 threads=1 ramp-up=1 perThread=1000.0 delayedStart=false
2017-10-08 16:16:22,775 INFO o.a.j.t.ThreadGroup: Started thread group number 1
2017-10-08 16:16:22,775 INFO o.a.j.e.StandardJMeterEngine: All thread groups have been started
2017-10-08 16:16:22,775 INFO o.a.j.t.JMeterThread: Thread started: Thread Group 1-1
2017-10-08 16:16:22,845 INFO o.a.j.p.j.s.JSR223Sampler: Model: Assertions 100
2017-10-08 16:16:23,396 INFO o.a.j.e.JSR223PostProcessor: ahihihihihiiii
2017-10-08 16:16:23,426 INFO o.a.j.t.JMeterThread: Thread is done: Thread Group 1-1
2017-10-08 16:16:23,426 INFO o.a.j.t.JMeterThread: Thread finished: Thread Group 1-1
2017-10-08 16:16:23,426 INFO o.a.j.e.StandardJMeterEngine: Notifying test listeners of end of test
2017-10-08 16:16:23,426 INFO o.a.j.g.u.JMeterMenuBar: setRunning(false, *local*)
2017-10-08 16:16:26,416 INFO o.a.j.e.StandardJMeterEngine: Running the test!
2017-10-08 16:16:26,416 INFO o.a.j.s.SampleEvent: List of sample_variables: []
2017-10-08 16:16:26,436 INFO o.a.j.g.u.JMeterMenuBar: setRunning(true, *local*)
2017-10-08 16:16:26,886 INFO o.a.j.e.StandardJMeterEngine: Starting ThreadGroup: 1 : Thread Group
2017-10-08 16:16:26,886 INFO o.a.j.e.StandardJMeterEngine: Starting 1 threads for group Thread Group.
2017-10-08 16:16:26,886 INFO o.a.j.e.StandardJMeterEngine: Thread will continue on error
2017-10-08 16:16:26,886 INFO o.a.j.t.ThreadGroup: Starting thread group... number=1 threads=1 ramp-up=1 perThread=1000.0 delayedStart=false
2017-10-08 16:16:26,886 INFO o.a.j.t.ThreadGroup: Started thread group number 1
2017-10-08 16:16:26,886 INFO o.a.j.e.StandardJMeterEngine: All thread groups have been started
2017-10-08 16:16:26,886 INFO o.a.j.t.JMeterThread: Thread started: Thread Group 1-1
2017-10-08 16:16:26,916 INFO o.a.j.p.j.s.JSR223Sampler: Model: Assertions 100
2017-10-08 16:16:27,411 INFO o.a.j.e.JSR223PostProcessor: ahihihihihiiii
2017-10-08 16:16:27,451 INFO o.a.j.t.JMeterThread: Thread is done: Thread Group 1-1
2017-10-08 16:16:27,451 INFO o.a.j.t.JMeterThread: Thread finished: Thread Group 1-1
2017-10-08 16:16:27,451 INFO o.a.j.e.StandardJMeterEngine: Notifying test listeners of end of test
2017-10-08 16:16:27,451 INFO o.a.j.g.u.JMeterMenuBar: setRunning(false, *local*)
2017-10-08 16:17:34,379 INFO o.a.j.e.StandardJMeterEngine: Running the test!
2017-10-08 16:17:34,379 INFO o.a.j.s.SampleEvent: List of sample_variables: []
2017-10-08 16:17:34,399 INFO o.a.j.g.u.JMeterMenuBar: setRunning(true, *local*)
2017-10-08 16:17:34,819 INFO o.a.j.e.StandardJMeterEngine: Starting ThreadGroup: 1 : Thread Group
2017-10-08 16:17:34,819 INFO o.a.j.e.StandardJMeterEngine: Starting 1 threads for group Thread Group.
2017-10-08 16:17:34,819 INFO o.a.j.e.StandardJMeterEngine: Thread will continue on error
2017-10-08 16:17:34,819 INFO o.a.j.t.ThreadGroup: Starting thread group... number=1 threads=1 ramp-up=1 perThread=1000.0 delayedStart=false
2017-10-08 16:17:34,829 INFO o.a.j.t.JMeterThread: Thread started: Thread Group 1-1
2017-10-08 16:17:34,819 INFO o.a.j.t.ThreadGroup: Started thread group number 1
2017-10-08 16:17:34,829 INFO o.a.j.e.StandardJMeterEngine: All thread groups have been started
2017-10-08 16:17:34,879 INFO o.a.j.p.j.s.JSR223Sampler: Model: Assertions 100
2017-10-08 16:17:35,497 INFO o.a.j.e.JSR223PostProcessor: ahihihihihiiii
2017-10-08 16:17:35,537 INFO o.a.j.a.JSR223Assertion: ahuuuuhuhuhu
2017-10-08 16:17:35,537 INFO o.a.j.t.JMeterThread: Thread is done: Thread Group 1-1
2017-10-08 16:17:35,537 INFO o.a.j.t.JMeterThread: Thread finished: Thread Group 1-1
2017-10-08 16:17:35,567 INFO o.a.j.e.StandardJMeterEngine: Notifying test listeners of end of test
2017-10-08 16:17:35,567 INFO o.a.j.g.u.JMeterMenuBar: setRunning(false, *local*)
2017-10-08 16:18:58,147 INFO o.a.j.e.StandardJMeterEngine: Running the test!
2017-10-08 16:18:58,147 INFO o.a.j.s.SampleEvent: List of sample_variables: []
2017-10-08 16:18:58,167 INFO o.a.j.g.u.JMeterMenuBar: setRunning(true, *local*)
2017-10-08 16:18:58,597 INFO o.a.j.e.StandardJMeterEngine: Starting ThreadGroup: 1 : Thread Group
2017-10-08 16:18:58,597 INFO o.a.j.e.StandardJMeterEngine: Starting 1 threads for group Thread Group.
2017-10-08 16:18:58,597 INFO o.a.j.e.StandardJMeterEngine: Thread will continue on error
2017-10-08 16:18:58,597 INFO o.a.j.t.ThreadGroup: Starting thread group... number=1 threads=1 ramp-up=1 perThread=1000.0 delayedStart=false
2017-10-08 16:18:58,607 INFO o.a.j.t.ThreadGroup: Started thread group number 1
2017-10-08 16:18:58,607 INFO o.a.j.e.StandardJMeterEngine: All thread groups have been started
2017-10-08 16:18:58,617 INFO o.a.j.t.JMeterThread: Thread started: Thread Group 1-1
2017-10-08 16:18:58,647 INFO o.a.j.p.j.s.JSR223Sampler: Model: Assertions 100
2017-10-08 16:18:59,030 INFO o.a.j.e.JSR223PostProcessor: ahihihihihiiii
2017-10-08 16:18:59,060 INFO o.a.j.a.JSR223Assertion: ahuuuuhuhuhu
2017-10-08 16:18:59,070 INFO o.a.j.t.JMeterThread: Thread is done: Thread Group 1-1
2017-10-08 16:18:59,070 INFO o.a.j.t.JMeterThread: Thread finished: Thread Group 1-1
2017-10-08 16:18:59,070 INFO o.a.j.e.StandardJMeterEngine: Notifying test listeners of end of test
2017-10-08 16:18:59,070 INFO o.a.j.g.u.JMeterMenuBar: setRunning(false, *local*)
2017-10-08 16:19:53,113 INFO o.a.j.e.StandardJMeterEngine: Running the test!
2017-10-08 16:19:53,113 INFO o.a.j.s.SampleEvent: List of sample_variables: []
2017-10-08 16:19:53,133 INFO o.a.j.g.u.JMeterMenuBar: setRunning(true, *local*)
2017-10-08 16:19:53,573 INFO o.a.j.e.StandardJMeterEngine: Starting ThreadGroup: 1 : Thread Group
2017-10-08 16:19:53,573 INFO o.a.j.e.StandardJMeterEngine: Starting 1 threads for group Thread Group.
2017-10-08 16:19:53,573 INFO o.a.j.e.StandardJMeterEngine: Thread will continue on error
2017-10-08 16:19:53,573 INFO o.a.j.t.ThreadGroup: Starting thread group... number=1 threads=1 ramp-up=1 perThread=1000.0 delayedStart=false
2017-10-08 16:19:53,573 INFO o.a.j.t.ThreadGroup: Started thread group number 1
2017-10-08 16:19:53,573 INFO o.a.j.e.StandardJMeterEngine: All thread groups have been started
2017-10-08 16:19:53,573 INFO o.a.j.t.JMeterThread: Thread started: Thread Group 1-1
2017-10-08 16:19:53,613 INFO o.a.j.p.j.s.JSR223Sampler: Model: Assertions 100
2017-10-08 16:19:54,133 INFO o.a.j.e.JSR223PostProcessor: ahihihihihiiii
2017-10-08 16:19:54,173 INFO o.a.j.t.JMeterThread: Thread is done: Thread Group 1-1
2017-10-08 16:19:54,173 INFO o.a.j.t.JMeterThread: Thread finished: Thread Group 1-1
2017-10-08 16:19:54,173 INFO o.a.j.e.StandardJMeterEngine: Notifying test listeners of end of test
2017-10-08 16:19:54,173 INFO o.a.j.g.u.JMeterMenuBar: setRunning(false, *local*)
2017-10-08 16:31:18,888 INFO o.a.j.e.StandardJMeterEngine: Running the test!
2017-10-08 16:31:18,888 INFO o.a.j.s.SampleEvent: List of sample_variables: []
2017-10-08 16:31:18,918 INFO o.a.j.g.u.JMeterMenuBar: setRunning(true, *local*)
2017-10-08 16:31:19,488 INFO o.a.j.e.StandardJMeterEngine: Starting ThreadGroup: 1 : Thread Group
2017-10-08 16:31:19,488 INFO o.a.j.e.StandardJMeterEngine: Starting 1 threads for group Thread Group.
2017-10-08 16:31:19,488 INFO o.a.j.e.StandardJMeterEngine: Thread will continue on error
2017-10-08 16:31:19,488 INFO o.a.j.t.ThreadGroup: Starting thread group... number=1 threads=1 ramp-up=1 perThread=1000.0 delayedStart=false
2017-10-08 16:31:19,488 INFO o.a.j.t.ThreadGroup: Started thread group number 1
2017-10-08 16:31:19,488 INFO o.a.j.e.StandardJMeterEngine: All thread groups have been started
2017-10-08 16:31:19,488 INFO o.a.j.t.JMeterThread: Thread started: Thread Group 1-1
2017-10-08 16:31:19,638 INFO o.a.j.p.j.s.JSR223Sampler: Model: Assertions 100
2017-10-08 16:31:20,379 INFO o.a.j.e.JSR223PostProcessor: ahihihihihiiii
2017-10-08 16:31:20,439 INFO o.a.j.p.h.s.HTTPHCAbstractImpl: Local host = USER-PC
2017-10-08 16:31:20,449 INFO o.a.j.p.h.s.HTTPHC4Impl: HTTP request retry count = 0
2017-10-08 16:31:20,589 INFO o.a.j.p.h.s.LazySchemeSocketFactory: Setting up HTTPS TrustAll Socket Factory
2017-10-08 16:31:20,589 INFO o.a.j.u.JsseSSLManager: Using default SSL protocol: TLS
2017-10-08 16:31:20,589 INFO o.a.j.u.JsseSSLManager: SSL session context: per-thread
2017-10-08 16:31:20,652 INFO o.a.j.u.SSLManager: JmeterKeyStore Location:  type JKS
2017-10-08 16:31:20,654 INFO o.a.j.u.SSLManager: KeyStore created OK
2017-10-08 16:31:20,654 WARN o.a.j.u.SSLManager: Keystore file not found, loading empty keystore
2017-10-08 16:31:24,336 INFO o.a.j.t.JMeterThread: Thread is done: Thread Group 1-1
2017-10-08 16:31:24,336 INFO o.a.j.t.JMeterThread: Thread finished: Thread Group 1-1
2017-10-08 16:31:24,336 INFO o.a.j.e.StandardJMeterEngine: Notifying test listeners of end of test
2017-10-08 16:31:24,336 INFO o.a.j.g.u.JMeterMenuBar: setRunning(false, *local*)
2017-10-08 16:34:44,017 INFO o.a.j.e.StandardJMeterEngine: Running the test!
2017-10-08 16:34:44,017 INFO o.a.j.s.SampleEvent: List of sample_variables: []
2017-10-08 16:34:44,037 INFO o.a.j.g.u.JMeterMenuBar: setRunning(true, *local*)
2017-10-08 16:34:44,577 INFO o.a.j.e.StandardJMeterEngine: Starting ThreadGroup: 1 : Thread Group
2017-10-08 16:34:44,577 INFO o.a.j.e.StandardJMeterEngine: Starting 1 threads for group Thread Group.
2017-10-08 16:34:44,577 INFO o.a.j.e.StandardJMeterEngine: Thread will continue on error
2017-10-08 16:34:44,577 INFO o.a.j.t.ThreadGroup: Starting thread group... number=1 threads=1 ramp-up=1 perThread=1000.0 delayedStart=false
2017-10-08 16:34:44,577 INFO o.a.j.t.ThreadGroup: Started thread group number 1
2017-10-08 16:34:44,577 INFO o.a.j.e.StandardJMeterEngine: All thread groups have been started
2017-10-08 16:34:44,577 INFO o.a.j.t.JMeterThread: Thread started: Thread Group 1-1
2017-10-08 16:34:44,637 INFO o.a.j.p.j.s.JSR223Sampler: Model: Assertions 100
2017-10-08 16:34:45,018 INFO o.a.j.e.JSR223PostProcessor: ahihihihihiiii
2017-10-08 16:34:48,183 INFO o.a.j.t.JMeterThread: Thread is done: Thread Group 1-1
2017-10-08 16:34:48,183 INFO o.a.j.t.JMeterThread: Thread finished: Thread Group 1-1
2017-10-08 16:34:48,183 INFO o.a.j.e.StandardJMeterEngine: Notifying test listeners of end of test
2017-10-08 16:34:48,183 INFO o.a.j.g.u.JMeterMenuBar: setRunning(false, *local*)
2017-10-08 16:43:09,604 INFO o.a.j.e.StandardJMeterEngine: Running the test!
2017-10-08 16:43:09,604 INFO o.a.j.s.SampleEvent: List of sample_variables: []
2017-10-08 16:43:09,624 INFO o.a.j.g.u.JMeterMenuBar: setRunning(true, *local*)
2017-10-08 16:43:10,206 INFO o.a.j.e.StandardJMeterEngine: Starting ThreadGroup: 1 : Thread Group
2017-10-08 16:43:10,206 INFO o.a.j.e.StandardJMeterEngine: Starting 1 threads for group Thread Group.
2017-10-08 16:43:10,206 INFO o.a.j.e.StandardJMeterEngine: Thread will continue on error
2017-10-08 16:43:10,256 INFO o.a.j.t.ThreadGroup: Starting thread group... number=1 threads=1 ramp-up=1 perThread=1000.0 delayedStart=false
2017-10-08 16:43:10,256 INFO o.a.j.t.ThreadGroup: Started thread group number 1
2017-10-08 16:43:10,256 INFO o.a.j.e.StandardJMeterEngine: All thread groups have been started
2017-10-08 16:43:10,256 INFO o.a.j.t.JMeterThread: Thread started: Thread Group 1-1
2017-10-08 16:43:10,316 INFO o.a.j.p.j.s.JSR223Sampler: Model: OS Command 100
2017-10-08 16:43:10,922 INFO o.a.j.e.JSR223PostProcessor: ahihihihihiiii
2017-10-08 16:43:13,762 INFO o.a.j.t.JMeterThread: Thread is done: Thread Group 1-1
2017-10-08 16:43:13,762 INFO o.a.j.t.JMeterThread: Thread finished: Thread Group 1-1
2017-10-08 16:43:13,762 INFO o.a.j.e.StandardJMeterEngine: Notifying test listeners of end of test
2017-10-08 16:43:13,762 INFO o.a.j.g.u.JMeterMenuBar: setRunning(false, *local*)
2017-10-08 16:43:46,297 INFO o.a.j.e.StandardJMeterEngine: Running the test!
2017-10-08 16:43:46,297 INFO o.a.j.s.SampleEvent: List of sample_variables: []
2017-10-08 16:43:46,317 INFO o.a.j.g.u.JMeterMenuBar: setRunning(true, *local*)
2017-10-08 16:43:46,767 INFO o.a.j.e.StandardJMeterEngine: Starting ThreadGroup: 1 : Thread Group
2017-10-08 16:43:46,770 INFO o.a.j.e.StandardJMeterEngine: Starting 1 threads for group Thread Group.
2017-10-08 16:43:46,770 INFO o.a.j.e.StandardJMeterEngine: Thread will continue on error
2017-10-08 16:43:46,770 INFO o.a.j.t.ThreadGroup: Starting thread group... number=1 threads=1 ramp-up=1 perThread=1000.0 delayedStart=false
2017-10-08 16:43:46,770 INFO o.a.j.t.ThreadGroup: Started thread group number 1
2017-10-08 16:43:46,770 INFO o.a.j.e.StandardJMeterEngine: All thread groups have been started
2017-10-08 16:43:46,770 INFO o.a.j.t.JMeterThread: Thread started: Thread Group 1-1
2017-10-08 16:43:46,890 INFO o.a.j.p.j.s.JSR223Sampler: Model: OS Command 100
2017-10-08 16:43:47,240 INFO o.a.j.e.JSR223PostProcessor: ahihihihihiiii
2017-10-08 16:43:49,742 INFO o.a.j.t.JMeterThread: Thread is done: Thread Group 1-1
2017-10-08 16:43:49,742 INFO o.a.j.t.JMeterThread: Thread finished: Thread Group 1-1
2017-10-08 16:43:49,742 INFO o.a.j.e.StandardJMeterEngine: Notifying test listeners of end of test
2017-10-08 16:43:49,752 INFO o.a.j.g.u.JMeterMenuBar: setRunning(false, *local*)
2017-10-08 16:44:44,017 INFO o.a.j.e.StandardJMeterEngine: Running the test!
2017-10-08 16:44:44,017 INFO o.a.j.s.SampleEvent: List of sample_variables: []
2017-10-08 16:44:44,037 INFO o.a.j.g.u.JMeterMenuBar: setRunning(true, *local*)
2017-10-08 16:44:44,477 INFO o.a.j.e.StandardJMeterEngine: Starting ThreadGroup: 1 : Thread Group
2017-10-08 16:44:44,477 INFO o.a.j.e.StandardJMeterEngine: Starting 1 threads for group Thread Group.
2017-10-08 16:44:44,477 INFO o.a.j.e.StandardJMeterEngine: Thread will continue on error
2017-10-08 16:44:44,477 INFO o.a.j.t.ThreadGroup: Starting thread group... number=1 threads=1 ramp-up=1 perThread=1000.0 delayedStart=false
2017-10-08 16:44:44,477 INFO o.a.j.t.ThreadGroup: Started thread group number 1
2017-10-08 16:44:44,477 INFO o.a.j.e.StandardJMeterEngine: All thread groups have been started
2017-10-08 16:44:44,487 INFO o.a.j.t.JMeterThread: Thread started: Thread Group 1-1
2017-10-08 16:44:44,517 INFO o.a.j.p.j.s.JSR223Sampler: Model: OS Command 100
2017-10-08 16:44:44,988 INFO o.a.j.e.JSR223PostProcessor: ahihihihihiiii
2017-10-08 16:44:47,401 INFO o.a.j.t.JMeterThread: Thread is done: Thread Group 1-1
2017-10-08 16:44:47,401 INFO o.a.j.t.JMeterThread: Thread finished: Thread Group 1-1
2017-10-08 16:44:47,411 INFO o.a.j.e.StandardJMeterEngine: Notifying test listeners of end of test
2017-10-08 16:44:47,411 INFO o.a.j.g.u.JMeterMenuBar: setRunning(false, *local*)
2017-10-08 16:45:35,518 INFO o.a.j.e.StandardJMeterEngine: Running the test!
2017-10-08 16:45:35,518 INFO o.a.j.s.SampleEvent: List of sample_variables: []
2017-10-08 16:45:35,538 INFO o.a.j.g.u.JMeterMenuBar: setRunning(true, *local*)
2017-10-08 16:45:36,001 INFO o.a.j.e.StandardJMeterEngine: Starting ThreadGroup: 1 : Thread Group
2017-10-08 16:45:36,001 INFO o.a.j.e.StandardJMeterEngine: Starting 1 threads for group Thread Group.
2017-10-08 16:45:36,001 INFO o.a.j.e.StandardJMeterEngine: Thread will continue on error
2017-10-08 16:45:36,001 INFO o.a.j.t.ThreadGroup: Starting thread group... number=1 threads=1 ramp-up=1 perThread=1000.0 delayedStart=false
2017-10-08 16:45:36,001 INFO o.a.j.t.ThreadGroup: Started thread group number 1
2017-10-08 16:45:36,001 INFO o.a.j.e.StandardJMeterEngine: All thread groups have been started
2017-10-08 16:45:36,001 INFO o.a.j.t.JMeterThread: Thread started: Thread Group 1-1
2017-10-08 16:45:36,021 INFO o.a.j.p.j.s.JSR223Sampler: Model: OSCommand 100
2017-10-08 16:45:36,251 INFO o.a.j.e.JSR223PostProcessor: ahihihihihiiii
2017-10-08 16:45:39,358 INFO o.a.j.p.j.s.JSR223Sampler: 
Windows IP Configuration


Ethernet adapter Local Area Connection:

   Media State . . . . . . . . . . . : Media disconnected
   Connection-specific DNS Suffix  . : 

Ethernet adapter Bluetooth Network Connection 3:

   Media State . . . . . . . . . . . : Media disconnected
   Connection-specific DNS Suffix  . : 

Ethernet adapter VirtualBox Host-Only Network:

   Connection-specific DNS Suffix  . : 
   Link-local IPv6 Address . . . . . : fe80::11c3:5d74:2628:a61c%25
   IPv4 Address. . . . . . . . . . . : 192.168.56.1
   Subnet Mask . . . . . . . . . . . : 255.255.255.0
   Default Gateway . . . . . . . . . : 

Ethernet adapter VirtualBox Host-Only Network #2:

   Connection-specific DNS Suffix  . : 
   Link-local IPv6 Address . . . . . : fe80::e58c:9ef:ca4b:37dd%26
   IPv4 Address. . . . . . . . . . . : 192.168.11.2
   Subnet Mask . . . . . . . . . . . : 255.255.255.0
   Default Gateway . . . . . . . . . : 

Ethernet adapter VMware Network Adapter VMnet1:

   Connection-specific DNS Suffix  . : 
   Link-local IPv6 Address . . . . . : fe80::3992:b836:1c99:ac7e%27
   IPv4 Address. . . . . . . . . . . : 192.168.211.1
   Subnet Mask . . . . . . . . . . . : 255.255.255.0
   Default Gateway . . . . . . . . . : 

Ethernet adapter VMware Network Adapter VMnet8:

   Connection-specific DNS Suffix  . : 
   Link-local IPv6 Address . . . . . : fe80::104b:957d:b160:25e8%28
   IPv4 Address. . . . . . . . . . . : 192.168.238.1
   Subnet Mask . . . . . . . . . . . : 255.255.255.0
   Default Gateway . . . . . . . . . : 

Ethernet adapter Local Area Connection 2:

   Media State . . . . . . . . . . . : Media disconnected
   Connection-specific DNS Suffix  . : Harveynash.vn.local

Wireless LAN adapter Wireless Network Connection 4:

   Connection-specific DNS Suffix  . : 
   Link-local IPv6 Address . . . . . : fe80::34f8:ef00:e0d0:5d23%21
   IPv4 Address. . . . . . . . . . . : 192.168.0.123
   Subnet Mask . . . . . . . . . . . : 255.255.255.0
   Default Gateway . . . . . . . . . : 192.168.0.1

Wireless LAN adapter Wireless Network Connection 5:

   Media State . . . . . . . . . . . : Media disconnected
   Connection-specific DNS Suffix  . : 

Wireless LAN adapter Wireless Network Connection 6:

   Media State . . . . . . . . . . . : Media disconnected
   Connection-specific DNS Suffix  . : 

2017-10-08 16:45:39,358 INFO o.a.j.t.JMeterThread: Thread is done: Thread Group 1-1
2017-10-08 16:45:39,358 INFO o.a.j.t.JMeterThread: Thread finished: Thread Group 1-1
2017-10-08 16:45:39,358 INFO o.a.j.e.StandardJMeterEngine: Notifying test listeners of end of test
2017-10-08 16:45:39,358 INFO o.a.j.g.u.JMeterMenuBar: setRunning(false, *local*)
2017-10-08 16:46:25,726 INFO o.a.j.e.StandardJMeterEngine: Running the test!
2017-10-08 16:46:25,726 INFO o.a.j.s.SampleEvent: List of sample_variables: []
2017-10-08 16:46:25,746 INFO o.a.j.g.u.JMeterMenuBar: setRunning(true, *local*)
2017-10-08 16:46:26,191 INFO o.a.j.e.StandardJMeterEngine: Starting ThreadGroup: 1 : Thread Group
2017-10-08 16:46:26,191 INFO o.a.j.e.StandardJMeterEngine: Starting 1 threads for group Thread Group.
2017-10-08 16:46:26,191 INFO o.a.j.e.StandardJMeterEngine: Thread will continue on error
2017-10-08 16:46:26,191 INFO o.a.j.t.ThreadGroup: Starting thread group... number=1 threads=1 ramp-up=1 perThread=1000.0 delayedStart=false
2017-10-08 16:46:26,191 INFO o.a.j.t.ThreadGroup: Started thread group number 1
2017-10-08 16:46:26,191 INFO o.a.j.e.StandardJMeterEngine: All thread groups have been started
2017-10-08 16:46:26,191 INFO o.a.j.t.JMeterThread: Thread started: Thread Group 1-1
2017-10-08 16:46:26,231 INFO o.a.j.p.j.s.JSR223Sampler: Model: OSCommand 100
2017-10-08 16:46:26,759 INFO o.a.j.e.JSR223PostProcessor: ahihihihihiiii
2017-10-08 16:46:29,291 INFO o.a.j.p.j.s.JSR223Sampler: 
Windows IP Configuration


Ethernet adapter Local Area Connection:

   Media State . . . . . . . . . . . : Media disconnected
   Connection-specific DNS Suffix  . : 

Ethernet adapter Bluetooth Network Connection 3:

   Media State . . . . . . . . . . . : Media disconnected
   Connection-specific DNS Suffix  . : 

Ethernet adapter VirtualBox Host-Only Network:

   Connection-specific DNS Suffix  . : 
   Link-local IPv6 Address . . . . . : fe80::11c3:5d74:2628:a61c%25
   IPv4 Address. . . . . . . . . . . : 192.168.56.1
   Subnet Mask . . . . . . . . . . . : 255.255.255.0
   Default Gateway . . . . . . . . . : 

Ethernet adapter VirtualBox Host-Only Network #2:

   Connection-specific DNS Suffix  . : 
   Link-local IPv6 Address . . . . . : fe80::e58c:9ef:ca4b:37dd%26
   IPv4 Address. . . . . . . . . . . : 192.168.11.2
   Subnet Mask . . . . . . . . . . . : 255.255.255.0
   Default Gateway . . . . . . . . . : 

Ethernet adapter VMware Network Adapter VMnet1:

   Connection-specific DNS Suffix  . : 
   Link-local IPv6 Address . . . . . : fe80::3992:b836:1c99:ac7e%27
   IPv4 Address. . . . . . . . . . . : 192.168.211.1
   Subnet Mask . . . . . . . . . . . : 255.255.255.0
   Default Gateway . . . . . . . . . : 

Ethernet adapter VMware Network Adapter VMnet8:

   Connection-specific DNS Suffix  . : 
   Link-local IPv6 Address . . . . . : fe80::104b:957d:b160:25e8%28
   IPv4 Address. . . . . . . . . . . : 192.168.238.1
   Subnet Mask . . . . . . . . . . . : 255.255.255.0
   Default Gateway . . . . . . . . . : 

Ethernet adapter Local Area Connection 2:

   Media State . . . . . . . . . . . : Media disconnected
   Connection-specific DNS Suffix  . : Harveynash.vn.local

Wireless LAN adapter Wireless Network Connection 4:

   Connection-specific DNS Suffix  . : 
   Link-local IPv6 Address . . . . . : fe80::34f8:ef00:e0d0:5d23%21
   IPv4 Address. . . . . . . . . . . : 192.168.0.123
   Subnet Mask . . . . . . . . . . . : 255.255.255.0
   Default Gateway . . . . . . . . . : 192.168.0.1

Wireless LAN adapter Wireless Network Connection 5:

   Media State . . . . . . . . . . . : Media disconnected
   Connection-specific DNS Suffix  . : 

Wireless LAN adapter Wireless Network Connection 6:

   Media State . . . . . . . . . . . : Media disconnected
   Connection-specific DNS Suffix  . : 

2017-10-08 16:46:29,291 INFO o.a.j.t.JMeterThread: Thread is done: Thread Group 1-1
2017-10-08 16:46:29,291 INFO o.a.j.t.JMeterThread: Thread finished: Thread Group 1-1
2017-10-08 16:46:29,291 INFO o.a.j.e.StandardJMeterEngine: Notifying test listeners of end of test
2017-10-08 16:46:29,291 INFO o.a.j.g.u.JMeterMenuBar: setRunning(false, *local*)
2017-10-08 16:48:11,984 INFO o.a.j.e.StandardJMeterEngine: Running the test!
2017-10-08 16:48:11,994 INFO o.a.j.s.SampleEvent: List of sample_variables: []
2017-10-08 16:48:12,004 INFO o.a.j.g.u.JMeterMenuBar: setRunning(true, *local*)
2017-10-08 16:48:12,604 INFO o.a.j.e.StandardJMeterEngine: Starting ThreadGroup: 1 : Thread Group
2017-10-08 16:48:12,604 INFO o.a.j.e.StandardJMeterEngine: Starting 1 threads for group Thread Group.
2017-10-08 16:48:12,604 INFO o.a.j.e.StandardJMeterEngine: Thread will continue on error
2017-10-08 16:48:12,604 INFO o.a.j.t.ThreadGroup: Starting thread group... number=1 threads=1 ramp-up=1 perThread=1000.0 delayedStart=false
2017-10-08 16:48:12,604 INFO o.a.j.t.ThreadGroup: Started thread group number 1
2017-10-08 16:48:12,604 INFO o.a.j.e.StandardJMeterEngine: All thread groups have been started
2017-10-08 16:48:12,604 INFO o.a.j.t.JMeterThread: Thread started: Thread Group 1-1
2017-10-08 16:48:12,634 INFO o.a.j.p.j.s.JSR223Sampler: Model: OSCommand 100
2017-10-08 16:48:13,014 INFO o.a.j.e.JSR223PostProcessor: ahihihihihiiii
2017-10-08 16:48:15,992 INFO o.a.j.p.j.s.JSR223Sampler: 
Windows IP Configuration


Ethernet adapter Local Area Connection:

   Media State . . . . . . . . . . . : Media disconnected
   Connection-specific DNS Suffix  . : 

Ethernet adapter Bluetooth Network Connection 3:

   Media State . . . . . . . . . . . : Media disconnected
   Connection-specific DNS Suffix  . : 

Ethernet adapter VirtualBox Host-Only Network:

   Connection-specific DNS Suffix  . : 
   Link-local IPv6 Address . . . . . : fe80::11c3:5d74:2628:a61c%25
   IPv4 Address. . . . . . . . . . . : 192.168.56.1
   Subnet Mask . . . . . . . . . . . : 255.255.255.0
   Default Gateway . . . . . . . . . : 

Ethernet adapter VirtualBox Host-Only Network #2:

   Connection-specific DNS Suffix  . : 
   Link-local IPv6 Address . . . . . : fe80::e58c:9ef:ca4b:37dd%26
   IPv4 Address. . . . . . . . . . . : 192.168.11.2
   Subnet Mask . . . . . . . . . . . : 255.255.255.0
   Default Gateway . . . . . . . . . : 

Ethernet adapter VMware Network Adapter VMnet1:

   Connection-specific DNS Suffix  . : 
   Link-local IPv6 Address . . . . . : fe80::3992:b836:1c99:ac7e%27
   IPv4 Address. . . . . . . . . . . : 192.168.211.1
   Subnet Mask . . . . . . . . . . . : 255.255.255.0
   Default Gateway . . . . . . . . . : 

Ethernet adapter VMware Network Adapter VMnet8:

   Connection-specific DNS Suffix  . : 
   Link-local IPv6 Address . . . . . : fe80::104b:957d:b160:25e8%28
   IPv4 Address. . . . . . . . . . . : 192.168.238.1
   Subnet Mask . . . . . . . . . . . : 255.255.255.0
   Default Gateway . . . . . . . . . : 

Ethernet adapter Local Area Connection 2:

   Media State . . . . . . . . . . . : Media disconnected
   Connection-specific DNS Suffix  . : Harveynash.vn.local

Wireless LAN adapter Wireless Network Connection 4:

   Connection-specific DNS Suffix  . : 
   Link-local IPv6 Address . . . . . : fe80::34f8:ef00:e0d0:5d23%21
   IPv4 Address. . . . . . . . . . . : 192.168.0.123
   Subnet Mask . . . . . . . . . . . : 255.255.255.0
   Default Gateway . . . . . . . . . : 192.168.0.1

Wireless LAN adapter Wireless Network Connection 5:

   Media State . . . . . . . . . . . : Media disconnected
   Connection-specific DNS Suffix  . : 

Wireless LAN adapter Wireless Network Connection 6:

   Media State . . . . . . . . . . . : Media disconnected
   Connection-specific DNS Suffix  . : 

2017-10-08 16:48:15,992 INFO o.a.j.t.JMeterThread: Thread is done: Thread Group 1-1
2017-10-08 16:48:15,992 INFO o.a.j.t.JMeterThread: Thread finished: Thread Group 1-1
2017-10-08 16:48:15,992 INFO o.a.j.e.StandardJMeterEngine: Notifying test listeners of end of test
2017-10-08 16:48:16,002 INFO o.a.j.g.u.JMeterMenuBar: setRunning(false, *local*)
2017-10-08 16:48:24,379 INFO o.a.j.e.StandardJMeterEngine: Running the test!
2017-10-08 16:48:24,389 INFO o.a.j.s.SampleEvent: List of sample_variables: []
2017-10-08 16:48:24,399 INFO o.a.j.g.u.JMeterMenuBar: setRunning(true, *local*)
2017-10-08 16:48:24,819 INFO o.a.j.e.StandardJMeterEngine: Starting ThreadGroup: 1 : Thread Group
2017-10-08 16:48:24,819 INFO o.a.j.e.StandardJMeterEngine: Starting 1 threads for group Thread Group.
2017-10-08 16:48:24,819 INFO o.a.j.e.StandardJMeterEngine: Thread will continue on error
2017-10-08 16:48:24,819 INFO o.a.j.t.ThreadGroup: Starting thread group... number=1 threads=1 ramp-up=1 perThread=1000.0 delayedStart=false
2017-10-08 16:48:24,819 INFO o.a.j.t.ThreadGroup: Started thread group number 1
2017-10-08 16:48:24,819 INFO o.a.j.e.StandardJMeterEngine: All thread groups have been started
2017-10-08 16:48:24,819 INFO o.a.j.t.JMeterThread: Thread started: Thread Group 1-1
2017-10-08 16:48:24,839 INFO o.a.j.p.j.s.JSR223Sampler: Model: OSCommand 100
2017-10-08 16:48:25,459 INFO o.a.j.e.JSR223PostProcessor: ahihihihihiiii
2017-10-08 16:48:28,197 INFO o.a.j.p.j.s.JSR223Sampler: 
Windows IP Configuration


Ethernet adapter Local Area Connection:

   Media State . . . . . . . . . . . : Media disconnected
   Connection-specific DNS Suffix  . : 

Ethernet adapter Bluetooth Network Connection 3:

   Media State . . . . . . . . . . . : Media disconnected
   Connection-specific DNS Suffix  . : 

Ethernet adapter VirtualBox Host-Only Network:

   Connection-specific DNS Suffix  . : 
   Link-local IPv6 Address . . . . . : fe80::11c3:5d74:2628:a61c%25
   IPv4 Address. . . . . . . . . . . : 192.168.56.1
   Subnet Mask . . . . . . . . . . . : 255.255.255.0
   Default Gateway . . . . . . . . . : 

Ethernet adapter VirtualBox Host-Only Network #2:

   Connection-specific DNS Suffix  . : 
   Link-local IPv6 Address . . . . . : fe80::e58c:9ef:ca4b:37dd%26
   IPv4 Address. . . . . . . . . . . : 192.168.11.2
   Subnet Mask . . . . . . . . . . . : 255.255.255.0
   Default Gateway . . . . . . . . . : 

Ethernet adapter VMware Network Adapter VMnet1:

   Connection-specific DNS Suffix  . : 
   Link-local IPv6 Address . . . . . : fe80::3992:b836:1c99:ac7e%27
   IPv4 Address. . . . . . . . . . . : 192.168.211.1
   Subnet Mask . . . . . . . . . . . : 255.255.255.0
   Default Gateway . . . . . . . . . : 

Ethernet adapter VMware Network Adapter VMnet8:

   Connection-specific DNS Suffix  . : 
   Link-local IPv6 Address . . . . . : fe80::104b:957d:b160:25e8%28
   IPv4 Address. . . . . . . . . . . : 192.168.238.1
   Subnet Mask . . . . . . . . . . . : 255.255.255.0
   Default Gateway . . . . . . . . . : 

Ethernet adapter Local Area Connection 2:

   Media State . . . . . . . . . . . : Media disconnected
   Connection-specific DNS Suffix  . : Harveynash.vn.local

Wireless LAN adapter Wireless Network Connection 4:

   Connection-specific DNS Suffix  . : 
   Link-local IPv6 Address . . . . . : fe80::34f8:ef00:e0d0:5d23%21
   IPv4 Address. . . . . . . . . . . : 192.168.0.123
   Subnet Mask . . . . . . . . . . . : 255.255.255.0
   Default Gateway . . . . . . . . . : 192.168.0.1

Wireless LAN adapter Wireless Network Connection 5:

   Media State . . . . . . . . . . . : Media disconnected
   Connection-specific DNS Suffix  . : 

Wireless LAN adapter Wireless Network Connection 6:

   Media State . . . . . . . . . . . : Media disconnected
   Connection-specific DNS Suffix  . : 

2017-10-08 16:48:28,197 INFO o.a.j.t.JMeterThread: Thread is done: Thread Group 1-1
2017-10-08 16:48:28,197 INFO o.a.j.t.JMeterThread: Thread finished: Thread Group 1-1
2017-10-08 16:48:28,207 INFO o.a.j.e.StandardJMeterEngine: Notifying test listeners of end of test
2017-10-08 16:48:28,207 INFO o.a.j.g.u.JMeterMenuBar: setRunning(false, *local*)
